Connecting to database specified by database.yml


Started GET "/assets/rails.png" for 127.0.0.1 at 2013-03-02 10:46:19 -0600
Served asset /rails.png - 304 Not Modified (5ms)
Connecting to database specified by database.yml
Connecting to database specified by database.yml
  [1m[36m (276.6ms)[0m  [1mCREATE TABLE "schema_migrations" ("version" character varying(255) NOT NULL) [0m
  [1m[35m (63.2ms)[0m  CREATE UNIQUE INDEX "unique_schema_migrations" ON "schema_migrations" ("version")
  [1m[36m (0.7ms)[0m  [1mSELECT "schema_migrations"."version" FROM "schema_migrations" [0m
Migrating to CreatePictures (20130302164700)
  [1m[35m (0.1ms)[0m  BEGIN
  [1m[36m (81.8ms)[0m  [1mCREATE TABLE "pictures" ("id" serial primary key, "pict_file" character varying(255), "created_at" timestamp NOT NULL, "updated_at" timestamp NOT NULL) [0m
  [1m[35m (0.8ms)[0m  INSERT INTO "schema_migrations" ("version") VALUES ('20130302164700')
  [1m[36m (0.5ms)[0m  [1mCOMMIT[0m
  [1m[35m (0.2ms)[0m  SELECT "schema_migrations"."version" FROM "schema_migrations" 


Started GET "/pictures" for 127.0.0.1 at 2013-03-02 10:47:23 -0600
Processing by PicturesController#index as HTML
  [1m[36mPicture Load (0.4ms)[0m  [1mSELECT "pictures".* FROM "pictures" [0m
  Rendered pictures/index.html.erb within layouts/application (3.1ms)
Compiled pictures.css  (7ms)  (pid 73552)
Compiled scaffolds.css  (14ms)  (pid 73552)
Compiled application.css  (106ms)  (pid 73552)
Compiled jquery.js  (2ms)  (pid 73552)
Compiled jquery_ujs.js  (0ms)  (pid 73552)
Compiled pictures.js  (364ms)  (pid 73552)
Compiled application.js  (509ms)  (pid 73552)
Completed 200 OK in 832ms (Views: 733.4ms | ActiveRecord: 21.7ms)


Started GET "/assets/application.css?body=1" for 127.0.0.1 at 2013-03-02 10:47:24 -0600
Served asset /application.css - 200 OK (4ms)


Started GET "/assets/pictures.css?body=1" for 127.0.0.1 at 2013-03-02 10:47:24 -0600
Served asset /pictures.css - 304 Not Modified (1ms)


Started GET "/assets/jquery.js?body=1" for 127.0.0.1 at 2013-03-02 10:47:24 -0600
Served asset /jquery.js - 304 Not Modified (2ms)


Started GET "/assets/scaffolds.css?body=1" for 127.0.0.1 at 2013-03-02 10:47:24 -0600
Served asset /scaffolds.css - 304 Not Modified (1ms)


Started GET "/assets/jquery_ujs.js?body=1" for 127.0.0.1 at 2013-03-02 10:47:24 -0600
Served asset /jquery_ujs.js - 304 Not Modified (1ms)


Started GET "/assets/pictures.js?body=1" for 127.0.0.1 at 2013-03-02 10:47:24 -0600
Served asset /pictures.js - 304 Not Modified (2ms)


Started GET "/assets/application.js?body=1" for 127.0.0.1 at 2013-03-02 10:47:24 -0600
Served asset /application.js - 304 Not Modified (5ms)


Started GET "/pictures/new" for 127.0.0.1 at 2013-03-02 10:47:27 -0600
Processing by PicturesController#new as HTML
  Rendered pictures/_form.html.erb (184.5ms)
  Rendered pictures/new.html.erb within layouts/application (239.2ms)
Completed 200 OK in 252ms (Views: 245.1ms | ActiveRecord: 0.0ms)


Started GET "/assets/scaffolds.css?body=1" for 127.0.0.1 at 2013-03-02 10:47:29 -0600
Served asset /scaffolds.css - 304 Not Modified (0ms)


Started GET "/assets/jquery.js?body=1" for 127.0.0.1 at 2013-03-02 10:47:29 -0600
Served asset /jquery.js - 304 Not Modified (0ms)


Started GET "/assets/pictures.css?body=1" for 127.0.0.1 at 2013-03-02 10:47:29 -0600
Served asset /pictures.css - 304 Not Modified (0ms)


Started GET "/assets/application.js?body=1" for 127.0.0.1 at 2013-03-02 10:47:29 -0600
Served asset /application.js - 304 Not Modified (0ms)


Started GET "/assets/jquery_ujs.js?body=1" for 127.0.0.1 at 2013-03-02 10:47:29 -0600
Served asset /jquery_ujs.js - 304 Not Modified (0ms)


Started GET "/assets/pictures.js?body=1" for 127.0.0.1 at 2013-03-02 10:47:29 -0600
Served asset /pictures.js - 304 Not Modified (0ms)


Started GET "/pictures/new" for 127.0.0.1 at 2013-03-02 10:48:14 -0600
Processing by PicturesController#new as HTML
ERROR: compiling _app_views_pictures__form_html_erb__2092307567092525353_70190329413340 RAISED /Users/ceinterone17/rails_projects/pprz2/app/views/pictures/_form.html.erb:28: syntax error, unexpected keyword_ensure, expecting keyword_end
/Users/ceinterone17/rails_projects/pprz2/app/views/pictures/_form.html.erb:30: syntax error, unexpected $end, expecting keyword_end
Function body:           def _app_views_pictures__form_html_erb__2092307567092525353_70190329413340(local_assigns, output_buffer)
            _old_virtual_path, @virtual_path = @virtual_path, "pictures/_form";_old_output_buffer = @output_buffer;form = local_assigns[:form];;@output_buffer = output_buffer || ActionView::OutputBuffer.new;@output_buffer.append=  form_for(@picture, :html => {:multipart => true}) do |f| @output_buffer.safe_concat('
');   if @picture.errors.any? 
@output_buffer.safe_concat('    <div id="error_explanation">
      <h2>');@output_buffer.append= ( pluralize(@picture.errors.count, "error") );@output_buffer.safe_concat(' prohibited this picture from being saved:</h2>

      <ul>) do |f| %>
');   if @picture.errors.any? 
@output_buffer.safe_concat('    <div id="error_explanation">
      <h2>');@output_buffer.append= ( pluralize(@picture.errors.count, "error") );@output_buffer.safe_concat(' prohibited this picture from being saved:</h2>

      <ul>
');       @picture.errors.full_messages.each do |msg| 
@output_buffer.safe_concat('        <li>');@output_buffer.append= ( msg );@output_buffer.safe_concat('</li>
');       end 
@output_buffer.safe_concat('      </ul>
    </div>
');   end 
@output_buffer.safe_concat('
  <div class="field">
    ');@output_buffer.append= ( f.label :pict_file );@output_buffer.safe_concat('<br />
    ');@output_buffer.append= ( f.text_field :pict_file );@output_buffer.safe_concat('
');@output_buffer.safe_concat('  </div>
  <div class="actions">
    ');@output_buffer.append= ( f.submit );@output_buffer.safe_concat('
');@output_buffer.safe_concat('  </div>
'); end 
@output_buffer.to_s
          ensure
            @virtual_path, @output_buffer = _old_virtual_path, _old_output_buffer
          end

Backtrace: /Users/ceinterone17/.rvm/gems/ruby-1.9.3-p194@pprz2/gems/actionpack-3.2.12/lib/action_view/template.rb:297:in `module_eval'
/Users/ceinterone17/.rvm/gems/ruby-1.9.3-p194@pprz2/gems/actionpack-3.2.12/lib/action_view/template.rb:297:in `compile'
/Users/ceinterone17/.rvm/gems/ruby-1.9.3-p194@pprz2/gems/actionpack-3.2.12/lib/action_view/template.rb:244:in `block in compile!'
<internal:prelude>:10:in `synchronize'
/Users/ceinterone17/.rvm/gems/ruby-1.9.3-p194@pprz2/gems/actionpack-3.2.12/lib/action_view/template.rb:232:in `compile!'
/Users/ceinterone17/.rvm/gems/ruby-1.9.3-p194@pprz2/gems/actionpack-3.2.12/lib/action_view/template.rb:144:in `block in render'
/Users/ceinterone17/.rvm/gems/ruby-1.9.3-p194@pprz2/gems/activesupport-3.2.12/lib/active_support/notifications.rb:125:in `instrument'
/Users/ceinterone17/.rvm/gems/ruby-1.9.3-p194@pprz2/gems/actionpack-3.2.12/lib/action_view/template.rb:143:in `render'
/Users/ceinterone17/.rvm/gems/ruby-1.9.3-p194@pprz2/gems/actionpack-3.2.12/lib/action_view/renderer/partial_renderer.rb:265:in `render_partial'
/Users/ceinterone17/.rvm/gems/ruby-1.9.3-p194@pprz2/gems/actionpack-3.2.12/lib/action_view/renderer/partial_renderer.rb:238:in `block in render'
/Users/ceinterone17/.rvm/gems/ruby-1.9.3-p194@pprz2/gems/actionpack-3.2.12/lib/action_view/renderer/abstract_renderer.rb:38:in `block in instrument'
/Users/ceinterone17/.rvm/gems/ruby-1.9.3-p194@pprz2/gems/activesupport-3.2.12/lib/active_support/notifications.rb:123:in `block in instrument'
/Users/ceinterone17/.rvm/gems/ruby-1.9.3-p194@pprz2/gems/activesupport-3.2.12/lib/active_support/notifications/instrumenter.rb:20:in `instrument'
/Users/ceinterone17/.rvm/gems/ruby-1.9.3-p194@pprz2/gems/activesupport-3.2.12/lib/active_support/notifications.rb:123:in `instrument'
/Users/ceinterone17/.rvm/gems/ruby-1.9.3-p194@pprz2/gems/actionpack-3.2.12/lib/action_view/renderer/abstract_renderer.rb:38:in `instrument'
/Users/ceinterone17/.rvm/gems/ruby-1.9.3-p194@pprz2/gems/actionpack-3.2.12/lib/action_view/renderer/partial_renderer.rb:237:in `render'
/Users/ceinterone17/.rvm/gems/ruby-1.9.3-p194@pprz2/gems/actionpack-3.2.12/lib/action_view/renderer/renderer.rb:41:in `render_partial'
/Users/ceinterone17/.rvm/gems/ruby-1.9.3-p194@pprz2/gems/actionpack-3.2.12/lib/action_view/helpers/rendering_helper.rb:27:in `render'
/Users/ceinterone17/rails_projects/pprz2/app/views/pictures/new.html.erb:3:in `_app_views_pictures_new_html_erb__4444370775102242959_70190342050040'
/Users/ceinterone17/.rvm/gems/ruby-1.9.3-p194@pprz2/gems/actionpack-3.2.12/lib/action_view/template.rb:145:in `block in render'
/Users/ceinterone17/.rvm/gems/ruby-1.9.3-p194@pprz2/gems/activesupport-3.2.12/lib/active_support/notifications.rb:125:in `instrument'
/Users/ceinterone17/.rvm/gems/ruby-1.9.3-p194@pprz2/gems/actionpack-3.2.12/lib/action_view/template.rb:143:in `render'
/Users/ceinterone17/.rvm/gems/ruby-1.9.3-p194@pprz2/gems/actionpack-3.2.12/lib/action_view/renderer/template_renderer.rb:47:in `block (2 levels) in render_template'
/Users/ceinterone17/.rvm/gems/ruby-1.9.3-p194@pprz2/gems/actionpack-3.2.12/lib/action_view/renderer/abstract_renderer.rb:38:in `block in instrument'
/Users/ceinterone17/.rvm/gems/ruby-1.9.3-p194@pprz2/gems/activesupport-3.2.12/lib/active_support/notifications.rb:123:in `block in instrument'
/Users/ceinterone17/.rvm/gems/ruby-1.9.3-p194@pprz2/gems/activesupport-3.2.12/lib/active_support/notifications/instrumenter.rb:20:in `instrument'
/Users/ceinterone17/.rvm/gems/ruby-1.9.3-p194@pprz2/gems/activesupport-3.2.12/lib/active_support/notifications.rb:123:in `instrument'
/Users/ceinterone17/.rvm/gems/ruby-1.9.3-p194@pprz2/gems/actionpack-3.2.12/lib/action_view/renderer/abstract_renderer.rb:38:in `instrument'
/Users/ceinterone17/.rvm/gems/ruby-1.9.3-p194@pprz2/gems/actionpack-3.2.12/lib/action_view/renderer/template_renderer.rb:46:in `block in render_template'
/Users/ceinterone17/.rvm/gems/ruby-1.9.3-p194@pprz2/gems/actionpack-3.2.12/lib/action_view/renderer/template_renderer.rb:54:in `render_with_layout'
/Users/ceinterone17/.rvm/gems/ruby-1.9.3-p194@pprz2/gems/actionpack-3.2.12/lib/action_view/renderer/template_renderer.rb:45:in `render_template'
/Users/ceinterone17/.rvm/gems/ruby-1.9.3-p194@pprz2/gems/actionpack-3.2.12/lib/action_view/renderer/template_renderer.rb:18:in `render'
/Users/ceinterone17/.rvm/gems/ruby-1.9.3-p194@pprz2/gems/actionpack-3.2.12/lib/action_view/renderer/renderer.rb:36:in `render_template'
/Users/ceinterone17/.rvm/gems/ruby-1.9.3-p194@pprz2/gems/actionpack-3.2.12/lib/action_view/renderer/renderer.rb:17:in `render'
/Users/ceinterone17/.rvm/gems/ruby-1.9.3-p194@pprz2/gems/actionpack-3.2.12/lib/abstract_controller/rendering.rb:110:in `_render_template'
/Users/ceinterone17/.rvm/gems/ruby-1.9.3-p194@pprz2/gems/actionpack-3.2.12/lib/action_controller/metal/streaming.rb:225:in `_render_template'
/Users/ceinterone17/.rvm/gems/ruby-1.9.3-p194@pprz2/gems/actionpack-3.2.12/lib/abstract_controller/rendering.rb:103:in `render_to_body'
/Users/ceinterone17/.rvm/gems/ruby-1.9.3-p194@pprz2/gems/actionpack-3.2.12/lib/action_controller/metal/renderers.rb:28:in `render_to_body'
/Users/ceinterone17/.rvm/gems/ruby-1.9.3-p194@pprz2/gems/actionpack-3.2.12/lib/action_controller/metal/compatibility.rb:50:in `render_to_body'
/Users/ceinterone17/.rvm/gems/ruby-1.9.3-p194@pprz2/gems/actionpack-3.2.12/lib/abstract_controller/rendering.rb:88:in `render'
/Users/ceinterone17/.rvm/gems/ruby-1.9.3-p194@pprz2/gems/actionpack-3.2.12/lib/action_controller/metal/rendering.rb:16:in `render'
/Users/ceinterone17/.rvm/gems/ruby-1.9.3-p194@pprz2/gems/actionpack-3.2.12/lib/action_controller/metal/instrumentation.rb:40:in `block (2 levels) in render'
/Users/ceinterone17/.rvm/gems/ruby-1.9.3-p194@pprz2/gems/activesupport-3.2.12/lib/active_support/core_ext/benchmark.rb:5:in `block in ms'
/Users/ceinterone17/.rvm/rubies/ruby-1.9.3-p194/lib/ruby/1.9.1/benchmark.rb:295:in `realtime'
/Users/ceinterone17/.rvm/gems/ruby-1.9.3-p194@pprz2/gems/activesupport-3.2.12/lib/active_support/core_ext/benchmark.rb:5:in `ms'
/Users/ceinterone17/.rvm/gems/ruby-1.9.3-p194@pprz2/gems/actionpack-3.2.12/lib/action_controller/metal/instrumentation.rb:40:in `block in render'
/Users/ceinterone17/.rvm/gems/ruby-1.9.3-p194@pprz2/gems/actionpack-3.2.12/lib/action_controller/metal/instrumentation.rb:83:in `cleanup_view_runtime'
/Users/ceinterone17/.rvm/gems/ruby-1.9.3-p194@pprz2/gems/activerecord-3.2.12/lib/active_record/railties/controller_runtime.rb:24:in `cleanup_view_runtime'
/Users/ceinterone17/.rvm/gems/ruby-1.9.3-p194@pprz2/gems/actionpack-3.2.12/lib/action_controller/metal/instrumentation.rb:39:in `render'
/Users/ceinterone17/.rvm/gems/ruby-1.9.3-p194@pprz2/gems/actionpack-3.2.12/lib/action_controller/metal/implicit_render.rb:10:in `default_render'
/Users/ceinterone17/.rvm/gems/ruby-1.9.3-p194@pprz2/gems/actionpack-3.2.12/lib/action_controller/metal/mime_responds.rb:196:in `respond_to'
/Users/ceinterone17/rails_projects/pprz2/app/controllers/pictures_controller.rb:29:in `new'
/Users/ceinterone17/.rvm/gems/ruby-1.9.3-p194@pprz2/gems/actionpack-3.2.12/lib/action_controller/metal/implicit_render.rb:4:in `send_action'
/Users/ceinterone17/.rvm/gems/ruby-1.9.3-p194@pprz2/gems/actionpack-3.2.12/lib/abstract_controller/base.rb:167:in `process_action'
/Users/ceinterone17/.rvm/gems/ruby-1.9.3-p194@pprz2/gems/actionpack-3.2.12/lib/action_controller/metal/rendering.rb:10:in `process_action'
/Users/ceinterone17/.rvm/gems/ruby-1.9.3-p194@pprz2/gems/actionpack-3.2.12/lib/abstract_controller/callbacks.rb:18:in `block in process_action'
/Users/ceinterone17/.rvm/gems/ruby-1.9.3-p194@pprz2/gems/activesupport-3.2.12/lib/active_support/callbacks.rb:414:in `_run__2390551538245643632__process_action__114659591189186945__callbacks'
/Users/ceinterone17/.rvm/gems/ruby-1.9.3-p194@pprz2/gems/activesupport-3.2.12/lib/active_support/callbacks.rb:405:in `__run_callback'
/Users/ceinterone17/.rvm/gems/ruby-1.9.3-p194@pprz2/gems/activesupport-3.2.12/lib/active_support/callbacks.rb:385:in `_run_process_action_callbacks'
/Users/ceinterone17/.rvm/gems/ruby-1.9.3-p194@pprz2/gems/activesupport-3.2.12/lib/active_support/callbacks.rb:81:in `run_callbacks'
/Users/ceinterone17/.rvm/gems/ruby-1.9.3-p194@pprz2/gems/actionpack-3.2.12/lib/abstract_controller/callbacks.rb:17:in `process_action'
/Users/ceinterone17/.rvm/gems/ruby-1.9.3-p194@pprz2/gems/actionpack-3.2.12/lib/action_controller/metal/rescue.rb:29:in `process_action'
/Users/ceinterone17/.rvm/gems/ruby-1.9.3-p194@pprz2/gems/actionpack-3.2.12/lib/action_controller/metal/instrumentation.rb:30:in `block in process_action'
/Users/ceinterone17/.rvm/gems/ruby-1.9.3-p194@pprz2/gems/activesupport-3.2.12/lib/active_support/notifications.rb:123:in `block in instrument'
/Users/ceinterone17/.rvm/gems/ruby-1.9.3-p194@pprz2/gems/activesupport-3.2.12/lib/active_support/notifications/instrumenter.rb:20:in `instrument'
/Users/ceinterone17/.rvm/gems/ruby-1.9.3-p194@pprz2/gems/activesupport-3.2.12/lib/active_support/notifications.rb:123:in `instrument'
/Users/ceinterone17/.rvm/gems/ruby-1.9.3-p194@pprz2/gems/actionpack-3.2.12/lib/action_controller/metal/instrumentation.rb:29:in `process_action'
/Users/ceinterone17/.rvm/gems/ruby-1.9.3-p194@pprz2/gems/actionpack-3.2.12/lib/action_controller/metal/params_wrapper.rb:207:in `process_action'
/Users/ceinterone17/.rvm/gems/ruby-1.9.3-p194@pprz2/gems/activerecord-3.2.12/lib/active_record/railties/controller_runtime.rb:18:in `process_action'
/Users/ceinterone17/.rvm/gems/ruby-1.9.3-p194@pprz2/gems/actionpack-3.2.12/lib/abstract_controller/base.rb:121:in `process'
/Users/ceinterone17/.rvm/gems/ruby-1.9.3-p194@pprz2/gems/actionpack-3.2.12/lib/abstract_controller/rendering.rb:45:in `process'
/Users/ceinterone17/.rvm/gems/ruby-1.9.3-p194@pprz2/gems/actionpack-3.2.12/lib/action_controller/metal.rb:203:in `dispatch'
/Users/ceinterone17/.rvm/gems/ruby-1.9.3-p194@pprz2/gems/actionpack-3.2.12/lib/action_controller/metal/rack_delegation.rb:14:in `dispatch'
/Users/ceinterone17/.rvm/gems/ruby-1.9.3-p194@pprz2/gems/actionpack-3.2.12/lib/action_controller/metal.rb:246:in `block in action'
/Users/ceinterone17/.rvm/gems/ruby-1.9.3-p194@pprz2/gems/actionpack-3.2.12/lib/action_dispatch/routing/route_set.rb:73:in `call'
/Users/ceinterone17/.rvm/gems/ruby-1.9.3-p194@pprz2/gems/actionpack-3.2.12/lib/action_dispatch/routing/route_set.rb:73:in `dispatch'
/Users/ceinterone17/.rvm/gems/ruby-1.9.3-p194@pprz2/gems/actionpack-3.2.12/lib/action_dispatch/routing/route_set.rb:36:in `call'
/Users/ceinterone17/.rvm/gems/ruby-1.9.3-p194@pprz2/gems/journey-1.0.4/lib/journey/router.rb:68:in `block in call'
/Users/ceinterone17/.rvm/gems/ruby-1.9.3-p194@pprz2/gems/journey-1.0.4/lib/journey/router.rb:56:in `each'
/Users/ceinterone17/.rvm/gems/ruby-1.9.3-p194@pprz2/gems/journey-1.0.4/lib/journey/router.rb:56:in `call'
/Users/ceinterone17/.rvm/gems/ruby-1.9.3-p194@pprz2/gems/actionpack-3.2.12/lib/action_dispatch/routing/route_set.rb:601:in `call'
/Users/ceinterone17/.rvm/gems/ruby-1.9.3-p194@pprz2/gems/actionpack-3.2.12/lib/action_dispatch/middleware/best_standards_support.rb:17:in `call'
/Users/ceinterone17/.rvm/gems/ruby-1.9.3-p194@pprz2/gems/rack-1.4.5/lib/rack/etag.rb:23:in `call'
/Users/ceinterone17/.rvm/gems/ruby-1.9.3-p194@pprz2/gems/rack-1.4.5/lib/rack/conditionalget.rb:25:in `call'
/Users/ceinterone17/.rvm/gems/ruby-1.9.3-p194@pprz2/gems/actionpack-3.2.12/lib/action_dispatch/middleware/head.rb:14:in `call'
/Users/ceinterone17/.rvm/gems/ruby-1.9.3-p194@pprz2/gems/actionpack-3.2.12/lib/action_dispatch/middleware/params_parser.rb:21:in `call'
/Users/ceinterone17/.rvm/gems/ruby-1.9.3-p194@pprz2/gems/actionpack-3.2.12/lib/action_dispatch/middleware/flash.rb:242:in `call'
/Users/ceinterone17/.rvm/gems/ruby-1.9.3-p194@pprz2/gems/rack-1.4.5/lib/rack/session/abstract/id.rb:210:in `context'
/Users/ceinterone17/.rvm/gems/ruby-1.9.3-p194@pprz2/gems/rack-1.4.5/lib/rack/session/abstract/id.rb:205:in `call'
/Users/ceinterone17/.rvm/gems/ruby-1.9.3-p194@pprz2/gems/actionpack-3.2.12/lib/action_dispatch/middleware/cookies.rb:341:in `call'
/Users/ceinterone17/.rvm/gems/ruby-1.9.3-p194@pprz2/gems/activerecord-3.2.12/lib/active_record/query_cache.rb:64:in `call'
/Users/ceinterone17/.rvm/gems/ruby-1.9.3-p194@pprz2/gems/activerecord-3.2.12/lib/active_record/connection_adapters/abstract/connection_pool.rb:479:in `call'
/Users/ceinterone17/.rvm/gems/ruby-1.9.3-p194@pprz2/gems/actionpack-3.2.12/lib/action_dispatch/middleware/callbacks.rb:28:in `block in call'
/Users/ceinterone17/.rvm/gems/ruby-1.9.3-p194@pprz2/gems/activesupport-3.2.12/lib/active_support/callbacks.rb:405:in `_run__858185451955381743__call__300734824852015007__callbacks'
/Users/ceinterone17/.rvm/gems/ruby-1.9.3-p194@pprz2/gems/activesupport-3.2.12/lib/active_support/callbacks.rb:405:in `__run_callback'
/Users/ceinterone17/.rvm/gems/ruby-1.9.3-p194@pprz2/gems/activesupport-3.2.12/lib/active_support/callbacks.rb:385:in `_run_call_callbacks'
/Users/ceinterone17/.rvm/gems/ruby-1.9.3-p194@pprz2/gems/activesupport-3.2.12/lib/active_support/callbacks.rb:81:in `run_callbacks'
/Users/ceinterone17/.rvm/gems/ruby-1.9.3-p194@pprz2/gems/actionpack-3.2.12/lib/action_dispatch/middleware/callbacks.rb:27:in `call'
/Users/ceinterone17/.rvm/gems/ruby-1.9.3-p194@pprz2/gems/actionpack-3.2.12/lib/action_dispatch/middleware/reloader.rb:65:in `call'
/Users/ceinterone17/.rvm/gems/ruby-1.9.3-p194@pprz2/gems/actionpack-3.2.12/lib/action_dispatch/middleware/remote_ip.rb:31:in `call'
/Users/ceinterone17/.rvm/gems/ruby-1.9.3-p194@pprz2/gems/actionpack-3.2.12/lib/action_dispatch/middleware/debug_exceptions.rb:16:in `call'
/Users/ceinterone17/.rvm/gems/ruby-1.9.3-p194@pprz2/gems/actionpack-3.2.12/lib/action_dispatch/middleware/show_exceptions.rb:56:in `call'
/Users/ceinterone17/.rvm/gems/ruby-1.9.3-p194@pprz2/gems/railties-3.2.12/lib/rails/rack/logger.rb:32:in `call_app'
/Users/ceinterone17/.rvm/gems/ruby-1.9.3-p194@pprz2/gems/railties-3.2.12/lib/rails/rack/logger.rb:16:in `block in call'
/Users/ceinterone17/.rvm/gems/ruby-1.9.3-p194@pprz2/gems/activesupport-3.2.12/lib/active_support/tagged_logging.rb:22:in `tagged'
/Users/ceinterone17/.rvm/gems/ruby-1.9.3-p194@pprz2/gems/railties-3.2.12/lib/rails/rack/logger.rb:16:in `call'
/Users/ceinterone17/.rvm/gems/ruby-1.9.3-p194@pprz2/gems/actionpack-3.2.12/lib/action_dispatch/middleware/request_id.rb:22:in `call'
/Users/ceinterone17/.rvm/gems/ruby-1.9.3-p194@pprz2/gems/rack-1.4.5/lib/rack/methodoverride.rb:21:in `call'
/Users/ceinterone17/.rvm/gems/ruby-1.9.3-p194@pprz2/gems/rack-1.4.5/lib/rack/runtime.rb:17:in `call'
/Users/ceinterone17/.rvm/gems/ruby-1.9.3-p194@pprz2/gems/activesupport-3.2.12/lib/active_support/cache/strategy/local_cache.rb:72:in `call'
/Users/ceinterone17/.rvm/gems/ruby-1.9.3-p194@pprz2/gems/rack-1.4.5/lib/rack/lock.rb:15:in `call'
/Users/ceinterone17/.rvm/gems/ruby-1.9.3-p194@pprz2/gems/actionpack-3.2.12/lib/action_dispatch/middleware/static.rb:62:in `call'
/Users/ceinterone17/.rvm/gems/ruby-1.9.3-p194@pprz2/gems/railties-3.2.12/lib/rails/engine.rb:479:in `call'
/Users/ceinterone17/.rvm/gems/ruby-1.9.3-p194@pprz2/gems/railties-3.2.12/lib/rails/application.rb:223:in `call'
/Users/ceinterone17/.rvm/gems/ruby-1.9.3-p194@pprz2/gems/rack-1.4.5/lib/rack/content_length.rb:14:in `call'
/Users/ceinterone17/.rvm/gems/ruby-1.9.3-p194@pprz2/gems/railties-3.2.12/lib/rails/rack/log_tailer.rb:17:in `call'
/Users/ceinterone17/.rvm/gems/ruby-1.9.3-p194@pprz2/gems/rack-1.4.5/lib/rack/handler/webrick.rb:59:in `service'
/Users/ceinterone17/.rvm/rubies/ruby-1.9.3-p194/lib/ruby/1.9.1/webrick/httpserver.rb:138:in `service'
/Users/ceinterone17/.rvm/rubies/ruby-1.9.3-p194/lib/ruby/1.9.1/webrick/httpserver.rb:94:in `run'
/Users/ceinterone17/.rvm/rubies/ruby-1.9.3-p194/lib/ruby/1.9.1/webrick/server.rb:191:in `block in start_thread'
  Rendered pictures/_form.html.erb (28.4ms)
  Rendered pictures/new.html.erb within layouts/application (29.1ms)
Completed 500 Internal Server Error in 31ms

ActionView::Template::Error (/Users/ceinterone17/rails_projects/pprz2/app/views/pictures/_form.html.erb:28: syntax error, unexpected keyword_ensure, expecting keyword_end
/Users/ceinterone17/rails_projects/pprz2/app/views/pictures/_form.html.erb:30: syntax error, unexpected $end, expecting keyword_end):
    25:   </div>
    26: <% end %>
  app/views/pictures/new.html.erb:3:in `_app_views_pictures_new_html_erb__4444370775102242959_70190342050040'
  app/controllers/pictures_controller.rb:29:in `new'


  Rendered /Users/ceinterone17/.rvm/gems/ruby-1.9.3-p194@pprz2/gems/actionpack-3.2.12/lib/action_dispatch/middleware/templates/rescues/_trace.erb (2.1ms)
  Rendered /Users/ceinterone17/.rvm/gems/ruby-1.9.3-p194@pprz2/gems/actionpack-3.2.12/lib/action_dispatch/middleware/templates/rescues/_request_and_response.erb (1.1ms)
  Rendered /Users/ceinterone17/.rvm/gems/ruby-1.9.3-p194@pprz2/gems/actionpack-3.2.12/lib/action_dispatch/middleware/templates/rescues/template_error.erb within rescues/layout (20.1ms)


Started GET "/pictures/new" for 127.0.0.1 at 2013-03-02 10:49:03 -0600
Processing by PicturesController#new as HTML
  Rendered pictures/_form.html.erb (2.8ms)
  Rendered pictures/new.html.erb within layouts/application (3.5ms)
Completed 200 OK in 9ms (Views: 8.5ms | ActiveRecord: 0.0ms)


Started GET "/assets/application.css?body=1" for 127.0.0.1 at 2013-03-02 10:49:04 -0600
Served asset /application.css - 304 Not Modified (0ms)


Started GET "/assets/jquery_ujs.js?body=1" for 127.0.0.1 at 2013-03-02 10:49:04 -0600
Served asset /jquery_ujs.js - 304 Not Modified (0ms)


Started GET "/assets/jquery.js?body=1" for 127.0.0.1 at 2013-03-02 10:49:04 -0600
Served asset /jquery.js - 304 Not Modified (0ms)


Started GET "/assets/scaffolds.css?body=1" for 127.0.0.1 at 2013-03-02 10:49:04 -0600
Served asset /scaffolds.css - 304 Not Modified (0ms)


Started GET "/assets/pictures.css?body=1" for 127.0.0.1 at 2013-03-02 10:49:04 -0600
Served asset /pictures.css - 304 Not Modified (0ms)


Started GET "/assets/pictures.js?body=1" for 127.0.0.1 at 2013-03-02 10:49:04 -0600
Served asset /pictures.js - 304 Not Modified (0ms)


Started GET "/assets/application.js?body=1" for 127.0.0.1 at 2013-03-02 10:49:04 -0600
Served asset /application.js - 304 Not Modified (0ms)


Started GET "/pictures/new" for 127.0.0.1 at 2013-03-02 10:49:16 -0600
Processing by PicturesController#new as HTML
  Rendered pictures/_form.html.erb (37.2ms)
  Rendered pictures/new.html.erb within layouts/application (38.2ms)
Completed 200 OK in 44ms (Views: 43.3ms | ActiveRecord: 0.0ms)


Started GET "/assets/jquery_ujs.js?body=1" for 127.0.0.1 at 2013-03-02 10:49:16 -0600
Served asset /jquery_ujs.js - 304 Not Modified (0ms)


Started GET "/assets/jquery.js?body=1" for 127.0.0.1 at 2013-03-02 10:49:16 -0600
Served asset /jquery.js - 304 Not Modified (0ms)


Started GET "/assets/pictures.css?body=1" for 127.0.0.1 at 2013-03-02 10:49:16 -0600
Served asset /pictures.css - 304 Not Modified (0ms)


Started GET "/assets/scaffolds.css?body=1" for 127.0.0.1 at 2013-03-02 10:49:16 -0600
Served asset /scaffolds.css - 304 Not Modified (0ms)


Started GET "/assets/application.css?body=1" for 127.0.0.1 at 2013-03-02 10:49:16 -0600
Served asset /application.css - 304 Not Modified (0ms)


Started GET "/assets/application.js?body=1" for 127.0.0.1 at 2013-03-02 10:49:17 -0600
Served asset /application.js - 304 Not Modified (0ms)


Started GET "/assets/pictures.js?body=1" for 127.0.0.1 at 2013-03-02 10:49:17 -0600
Served asset /pictures.js - 304 Not Modified (0ms)
Connecting to database specified by database.yml
Connecting to database specified by database.yml


Started POST "/pictures" for 127.0.0.1 at 2013-03-02 10:55:28 -0600
Processing by PicturesController#create as HTML
  Parameters: {"utf8"=>"✓", "authenticity_token"=>"zQ8oDBrMXjarIhR0aSY3JqoXgRz6qUPAQn6n86ao/pw=", "picture"=>{"pict_file"=>#<ActionDispatch::Http::UploadedFile:0x007fcb4beca478 @original_filename="Screen Shot 2013-02-27 at 1.23.25 PM.png", @content_type="image/png", @headers="Content-Disposition: form-data; name=\"picture[pict_file]\"; filename=\"Screen Shot 2013-02-27 at 1.23.25 PM.png\"\r\nContent-Type: image/png\r\n", @tempfile=#<File:/var/folders/kk/d4gqp76x171g48rykr9_cdkh0000gn/T/RackMultipart20130302-73647-fk32y3>>}, "commit"=>"Create Picture"}
  [1m[36m (0.1ms)[0m  [1mBEGIN[0m
  [1m[35mSQL (57.3ms)[0m  INSERT INTO "pictures" ("created_at", "pict_file", "updated_at") VALUES ($1, $2, $3) RETURNING "id"  [["created_at", Sat, 02 Mar 2013 16:55:28 UTC +00:00], ["pict_file", #<ActionDispatch::Http::UploadedFile:0x007fcb4beca478 @original_filename="Screen Shot 2013-02-27 at 1.23.25 PM.png", @content_type="image/png", @headers="Content-Disposition: form-data; name=\"picture[pict_file]\"; filename=\"Screen Shot 2013-02-27 at 1.23.25 PM.png\"\r\nContent-Type: image/png\r\n", @tempfile=#<File:/var/folders/kk/d4gqp76x171g48rykr9_cdkh0000gn/T/RackMultipart20130302-73647-fk32y3>>], ["updated_at", Sat, 02 Mar 2013 16:55:28 UTC +00:00]]
NoMethodError: undefined method `name' for nil:NilClass: INSERT INTO "pictures" ("created_at", "pict_file", "updated_at") VALUES ($1, $2, $3) RETURNING "id"
  [1m[36m (0.2ms)[0m  [1mROLLBACK[0m
Completed 500 Internal Server Error in 250ms

ActiveRecord::StatementInvalid (NoMethodError: undefined method `name' for nil:NilClass: INSERT INTO "pictures" ("created_at", "pict_file", "updated_at") VALUES ($1, $2, $3) RETURNING "id"):
  app/controllers/pictures_controller.rb:46:in `block in create'
  app/controllers/pictures_controller.rb:45:in `create'


  Rendered /Users/ceinterone17/.rvm/gems/ruby-1.9.3-p194@pprz2/gems/actionpack-3.2.12/lib/action_dispatch/middleware/templates/rescues/_trace.erb (1.5ms)
  Rendered /Users/ceinterone17/.rvm/gems/ruby-1.9.3-p194@pprz2/gems/actionpack-3.2.12/lib/action_dispatch/middleware/templates/rescues/_request_and_response.erb (1.1ms)
  Rendered /Users/ceinterone17/.rvm/gems/ruby-1.9.3-p194@pprz2/gems/actionpack-3.2.12/lib/action_dispatch/middleware/templates/rescues/diagnostics.erb within rescues/layout (16.7ms)
Connecting to database specified by database.yml


Started POST "/pictures" for 127.0.0.1 at 2013-03-02 10:56:28 -0600
Processing by PicturesController#create as HTML
  Parameters: {"utf8"=>"✓", "authenticity_token"=>"zQ8oDBrMXjarIhR0aSY3JqoXgRz6qUPAQn6n86ao/pw=", "picture"=>{"pict_file"=>#<ActionDispatch::Http::UploadedFile:0x007fed7822db58 @original_filename="Screen Shot 2013-02-25 at 10.32.00 AM.png", @content_type="image/png", @headers="Content-Disposition: form-data; name=\"picture[pict_file]\"; filename=\"Screen Shot 2013-02-25 at 10.32.00 AM.png\"\r\nContent-Type: image/png\r\n", @tempfile=#<File:/var/folders/kk/d4gqp76x171g48rykr9_cdkh0000gn/T/RackMultipart20130302-73764-1ezqn7e>>}, "commit"=>"Create Picture"}
  [1m[36m (0.1ms)[0m  [1mBEGIN[0m
  [1m[35mSQL (48.1ms)[0m  INSERT INTO "pictures" ("created_at", "pict_file", "updated_at") VALUES ($1, $2, $3) RETURNING "id"  [["created_at", Sat, 02 Mar 2013 16:56:28 UTC +00:00], ["pict_file", #<ActionDispatch::Http::UploadedFile:0x007fed7822db58 @original_filename="Screen Shot 2013-02-25 at 10.32.00 AM.png", @content_type="image/png", @headers="Content-Disposition: form-data; name=\"picture[pict_file]\"; filename=\"Screen Shot 2013-02-25 at 10.32.00 AM.png\"\r\nContent-Type: image/png\r\n", @tempfile=#<File:/var/folders/kk/d4gqp76x171g48rykr9_cdkh0000gn/T/RackMultipart20130302-73764-1ezqn7e>>], ["updated_at", Sat, 02 Mar 2013 16:56:28 UTC +00:00]]
NoMethodError: undefined method `name' for nil:NilClass: INSERT INTO "pictures" ("created_at", "pict_file", "updated_at") VALUES ($1, $2, $3) RETURNING "id"
  [1m[36m (0.2ms)[0m  [1mROLLBACK[0m
Completed 500 Internal Server Error in 81ms

ActiveRecord::StatementInvalid (NoMethodError: undefined method `name' for nil:NilClass: INSERT INTO "pictures" ("created_at", "pict_file", "updated_at") VALUES ($1, $2, $3) RETURNING "id"):
  app/controllers/pictures_controller.rb:46:in `block in create'
  app/controllers/pictures_controller.rb:45:in `create'


  Rendered /Users/ceinterone17/.rvm/gems/ruby-1.9.3-p194@pprz2/gems/actionpack-3.2.12/lib/action_dispatch/middleware/templates/rescues/_trace.erb (1.4ms)
  Rendered /Users/ceinterone17/.rvm/gems/ruby-1.9.3-p194@pprz2/gems/actionpack-3.2.12/lib/action_dispatch/middleware/templates/rescues/_request_and_response.erb (1.0ms)
  Rendered /Users/ceinterone17/.rvm/gems/ruby-1.9.3-p194@pprz2/gems/actionpack-3.2.12/lib/action_dispatch/middleware/templates/rescues/diagnostics.erb within rescues/layout (10.5ms)


Started POST "/pictures" for 127.0.0.1 at 2013-03-02 10:58:29 -0600
Processing by PicturesController#create as HTML
  Parameters: {"utf8"=>"✓", "authenticity_token"=>"zQ8oDBrMXjarIhR0aSY3JqoXgRz6qUPAQn6n86ao/pw=", "picture"=>{"pict_file"=>#<ActionDispatch::Http::UploadedFile:0x007fed782bf580 @original_filename="Screen Shot 2013-02-27 at 1.23.25 PM.png", @content_type="image/png", @headers="Content-Disposition: form-data; name=\"picture[pict_file]\"; filename=\"Screen Shot 2013-02-27 at 1.23.25 PM.png\"\r\nContent-Type: image/png\r\n", @tempfile=#<File:/var/folders/kk/d4gqp76x171g48rykr9_cdkh0000gn/T/RackMultipart20130302-73764-ne6p1w>>}, "commit"=>"Create Picture"}
  [1m[35m (0.2ms)[0m  BEGIN
  [1m[36mSQL (26.1ms)[0m  [1mINSERT INTO "pictures" ("created_at", "pict_file", "updated_at") VALUES ($1, $2, $3) RETURNING "id"[0m  [["created_at", Sat, 02 Mar 2013 16:58:29 UTC +00:00], ["pict_file", "20130302105829-image.jpg"], ["updated_at", Sat, 02 Mar 2013 16:58:29 UTC +00:00]]
  [1m[35m (0.1ms)[0m  ROLLBACK
Completed 500 Internal Server Error in 142ms

ArgumentError ( is not a recognized storage provider):
  app/controllers/pictures_controller.rb:46:in `block in create'
  app/controllers/pictures_controller.rb:45:in `create'


  Rendered /Users/ceinterone17/.rvm/gems/ruby-1.9.3-p194@pprz2/gems/actionpack-3.2.12/lib/action_dispatch/middleware/templates/rescues/_trace.erb (1.4ms)
  Rendered /Users/ceinterone17/.rvm/gems/ruby-1.9.3-p194@pprz2/gems/actionpack-3.2.12/lib/action_dispatch/middleware/templates/rescues/_request_and_response.erb (1.0ms)
  Rendered /Users/ceinterone17/.rvm/gems/ruby-1.9.3-p194@pprz2/gems/actionpack-3.2.12/lib/action_dispatch/middleware/templates/rescues/diagnostics.erb within rescues/layout (9.8ms)
Connecting to database specified by database.yml


Started POST "/pictures" for 127.0.0.1 at 2013-03-02 11:00:12 -0600
Processing by PicturesController#create as HTML
  Parameters: {"utf8"=>"✓", "authenticity_token"=>"zQ8oDBrMXjarIhR0aSY3JqoXgRz6qUPAQn6n86ao/pw=", "picture"=>{"pict_file"=>#<ActionDispatch::Http::UploadedFile:0x007fb7cb61a370 @original_filename="Screen Shot 2013-02-25 at 10.32.00 AM.png", @content_type="image/png", @headers="Content-Disposition: form-data; name=\"picture[pict_file]\"; filename=\"Screen Shot 2013-02-25 at 10.32.00 AM.png\"\r\nContent-Type: image/png\r\n", @tempfile=#<File:/var/folders/kk/d4gqp76x171g48rykr9_cdkh0000gn/T/RackMultipart20130302-73880-ta4k65>>}, "commit"=>"Create Picture"}
  [1m[36m (0.2ms)[0m  [1mBEGIN[0m
  [1m[35mSQL (2.8ms)[0m  INSERT INTO "pictures" ("created_at", "pict_file", "updated_at") VALUES ($1, $2, $3) RETURNING "id"  [["created_at", Sat, 02 Mar 2013 17:00:13 UTC +00:00], ["pict_file", "20130302110013-image.jpg"], ["updated_at", Sat, 02 Mar 2013 17:00:13 UTC +00:00]]
  [1m[36m (0.6ms)[0m  [1mCOMMIT[0m
Redirected to http://localhost:3000/pictures/2
Completed 302 Found in 848ms (ActiveRecord: 83.6ms)


Started GET "/pictures/2" for 127.0.0.1 at 2013-03-02 11:00:13 -0600
Processing by PicturesController#show as HTML
  Parameters: {"id"=>"2"}
  [1m[35mPicture Load (0.8ms)[0m  SELECT "pictures".* FROM "pictures" WHERE "pictures"."id" = $1 LIMIT 1  [["id", "2"]]
  Rendered pictures/show.html.erb within layouts/application (6.6ms)
Completed 200 OK in 120ms (Views: 116.5ms | ActiveRecord: 0.8ms)


Started GET "/assets/application.css?body=1" for 127.0.0.1 at 2013-03-02 11:00:14 -0600
Served asset /application.css - 304 Not Modified (3ms)


Started GET "/assets/pictures.css?body=1" for 127.0.0.1 at 2013-03-02 11:00:14 -0600
Served asset /pictures.css - 304 Not Modified (1ms)


Started GET "/assets/scaffolds.css?body=1" for 127.0.0.1 at 2013-03-02 11:00:14 -0600
Served asset /scaffolds.css - 304 Not Modified (5ms)


Started GET "/assets/pictures.js?body=1" for 127.0.0.1 at 2013-03-02 11:00:14 -0600
Served asset /pictures.js - 304 Not Modified (1ms)


Started GET "/assets/jquery.js?body=1" for 127.0.0.1 at 2013-03-02 11:00:14 -0600
Served asset /jquery.js - 304 Not Modified (2ms)


Started GET "/assets/jquery_ujs.js?body=1" for 127.0.0.1 at 2013-03-02 11:00:14 -0600
Served asset /jquery_ujs.js - 304 Not Modified (5ms)


Started GET "/assets/application.js?body=1" for 127.0.0.1 at 2013-03-02 11:00:14 -0600
Served asset /application.js - 304 Not Modified (6ms)


Started GET "/pictures/2" for 127.0.0.1 at 2013-03-02 11:00:41 -0600
Processing by PicturesController#show as HTML
  Parameters: {"id"=>"2"}
  [1m[36mPicture Load (0.7ms)[0m  [1mSELECT "pictures".* FROM "pictures" WHERE "pictures"."id" = $1 LIMIT 1[0m  [["id", "2"]]
  Rendered pictures/show.html.erb within layouts/application (13.0ms)
Completed 200 OK in 21ms (Views: 18.2ms | ActiveRecord: 0.7ms)


Started GET "/assets/application.css?body=1" for 127.0.0.1 at 2013-03-02 11:00:42 -0600
Served asset /application.css - 304 Not Modified (1ms)


Started GET "/assets/pictures.css?body=1" for 127.0.0.1 at 2013-03-02 11:00:42 -0600
Served asset /pictures.css - 304 Not Modified (0ms)


Started GET "/assets/jquery_ujs.js?body=1" for 127.0.0.1 at 2013-03-02 11:00:42 -0600
Served asset /jquery_ujs.js - 304 Not Modified (0ms)


Started GET "/assets/scaffolds.css?body=1" for 127.0.0.1 at 2013-03-02 11:00:42 -0600
Served asset /scaffolds.css - 304 Not Modified (0ms)


Started GET "/assets/jquery.js?body=1" for 127.0.0.1 at 2013-03-02 11:00:42 -0600
Served asset /jquery.js - 304 Not Modified (0ms)


Started GET "/assets/pictures.js?body=1" for 127.0.0.1 at 2013-03-02 11:00:42 -0600
Served asset /pictures.js - 304 Not Modified (0ms)


Started GET "/assets/application.js?body=1" for 127.0.0.1 at 2013-03-02 11:00:42 -0600
Served asset /application.js - 304 Not Modified (0ms)


Started GET "/pictures" for 127.0.0.1 at 2013-03-02 11:00:45 -0600
Processing by PicturesController#index as HTML
  [1m[35mPicture Load (0.3ms)[0m  SELECT "pictures".* FROM "pictures" 
  Rendered pictures/index.html.erb within layouts/application (2.3ms)
Completed 200 OK in 62ms (Views: 58.9ms | ActiveRecord: 0.3ms)


Started GET "/assets/application.css?body=1" for 127.0.0.1 at 2013-03-02 11:00:45 -0600
Served asset /application.css - 304 Not Modified (0ms)


Started GET "/assets/scaffolds.css?body=1" for 127.0.0.1 at 2013-03-02 11:00:45 -0600
Served asset /scaffolds.css - 304 Not Modified (0ms)


Started GET "/assets/pictures.css?body=1" for 127.0.0.1 at 2013-03-02 11:00:45 -0600
Served asset /pictures.css - 304 Not Modified (0ms)


Started GET "/assets/jquery.js?body=1" for 127.0.0.1 at 2013-03-02 11:00:45 -0600
Served asset /jquery.js - 304 Not Modified (0ms)


Started GET "/assets/jquery_ujs.js?body=1" for 127.0.0.1 at 2013-03-02 11:00:45 -0600
Served asset /jquery_ujs.js - 304 Not Modified (0ms)


Started GET "/assets/application.js?body=1" for 127.0.0.1 at 2013-03-02 11:00:46 -0600
Served asset /application.js - 304 Not Modified (0ms)


Started GET "/assets/pictures.js?body=1" for 127.0.0.1 at 2013-03-02 11:00:46 -0600
Served asset /pictures.js - 304 Not Modified (0ms)


Started GET "/pictures/2" for 127.0.0.1 at 2013-03-02 11:01:43 -0600
Processing by PicturesController#show as HTML
  Parameters: {"id"=>"2"}
  [1m[36mPicture Load (0.5ms)[0m  [1mSELECT "pictures".* FROM "pictures" WHERE "pictures"."id" = $1 LIMIT 1[0m  [["id", "2"]]
  Rendered pictures/show.html.erb within layouts/application (1.1ms)
Completed 200 OK in 8ms (Views: 5.8ms | ActiveRecord: 0.5ms)


Started GET "/assets/scaffolds.css?body=1" for 127.0.0.1 at 2013-03-02 11:01:44 -0600
Served asset /scaffolds.css - 304 Not Modified (0ms)


Started GET "/assets/jquery.js?body=1" for 127.0.0.1 at 2013-03-02 11:01:44 -0600
Served asset /jquery.js - 304 Not Modified (0ms)


Started GET "/assets/application.css?body=1" for 127.0.0.1 at 2013-03-02 11:01:44 -0600
Served asset /application.css - 304 Not Modified (0ms)


Started GET "/assets/pictures.css?body=1" for 127.0.0.1 at 2013-03-02 11:01:44 -0600
Served asset /pictures.css - 304 Not Modified (0ms)


Started GET "/assets/pictures.js?body=1" for 127.0.0.1 at 2013-03-02 11:01:44 -0600
Served asset /pictures.js - 304 Not Modified (0ms)


Started GET "/assets/application.js?body=1" for 127.0.0.1 at 2013-03-02 11:01:44 -0600
Served asset /application.js - 304 Not Modified (0ms)


Started GET "/assets/jquery_ujs.js?body=1" for 127.0.0.1 at 2013-03-02 11:01:44 -0600
Served asset /jquery_ujs.js - 304 Not Modified (0ms)


Started GET "/pictures" for 127.0.0.1 at 2013-03-02 11:01:46 -0600
Processing by PicturesController#index as HTML
  [1m[35mPicture Load (0.5ms)[0m  SELECT "pictures".* FROM "pictures" 
  Rendered pictures/index.html.erb within layouts/application (3.6ms)
Completed 200 OK in 14ms (Views: 12.1ms | ActiveRecord: 0.5ms)


Started GET "/assets/pictures.css?body=1" for 127.0.0.1 at 2013-03-02 11:01:46 -0600
Served asset /pictures.css - 304 Not Modified (0ms)


Started GET "/assets/application.css?body=1" for 127.0.0.1 at 2013-03-02 11:01:46 -0600
Served asset /application.css - 304 Not Modified (0ms)


Started GET "/assets/scaffolds.css?body=1" for 127.0.0.1 at 2013-03-02 11:01:46 -0600
Served asset /scaffolds.css - 304 Not Modified (0ms)


Started GET "/assets/jquery.js?body=1" for 127.0.0.1 at 2013-03-02 11:01:46 -0600
Served asset /jquery.js - 304 Not Modified (0ms)


Started GET "/assets/jquery_ujs.js?body=1" for 127.0.0.1 at 2013-03-02 11:01:46 -0600
Served asset /jquery_ujs.js - 304 Not Modified (0ms)


Started GET "/assets/pictures.js?body=1" for 127.0.0.1 at 2013-03-02 11:01:47 -0600
Served asset /pictures.js - 304 Not Modified (0ms)


Started GET "/assets/application.js?body=1" for 127.0.0.1 at 2013-03-02 11:01:47 -0600
Served asset /application.js - 304 Not Modified (0ms)
